2023-10-25 11:42:43,965 [Worker-1: Loading available Gradle versions] INFO  o.e.b.c.i.u.g.PublishedGradleVersions - Gradle version information cache is up-to-date. Trying to read.
2023-10-25 13:57:06,381 [Worker-4: Loading available Gradle versions] INFO  o.e.b.c.i.u.g.PublishedGradleVersions - Gradle version information cache is up-to-date. Trying to read.
2023-10-25 13:58:52,243 [Worker-6: Launching mavenrun-5f4c1f9c-6359-4aa8-a0ad-b79c2ce668d5] INFO  o.eclipse.m2e.core.internal.Bundles - getClasspathEntries(Bundle=org.eclipse.m2e.maven.runtime_3.9.400.20230826-0755 [621])
2023-10-25 13:58:52,252 [Worker-6: Launching mavenrun-5f4c1f9c-6359-4aa8-a0ad-b79c2ce668d5] INFO  o.eclipse.m2e.core.internal.Bundles - 	Entry: C:\Users\Neral\.p2\pool\plugins\org.eclipse.m2e.maven.runtime_3.9.400.20230826-0755
2023-10-25 13:58:52,253 [Worker-6: Launching mavenrun-5f4c1f9c-6359-4aa8-a0ad-b79c2ce668d5] INFO  o.eclipse.m2e.core.internal.Bundles - 	Entry: C:\Users\neral\.p2\pool\plugins\org.eclipse.m2e.maven.runtime_3.9.400.20230826-0755\jars\aether-connector-okhttp-0.17.8.jar
2023-10-25 13:58:52,253 [Worker-6: Launching mavenrun-5f4c1f9c-6359-4aa8-a0ad-b79c2ce668d5] INFO  o.eclipse.m2e.core.internal.Bundles - 	Entry: C:\Users\neral\.p2\pool\plugins\org.eclipse.m2e.maven.runtime_3.9.400.20230826-0755\jars\aopalliance-1.0.jar
2023-10-25 13:58:52,253 [Worker-6: Launching mavenrun-5f4c1f9c-6359-4aa8-a0ad-b79c2ce668d5] INFO  o.eclipse.m2e.core.internal.Bundles - 	Entry: C:\Users\neral\.p2\pool\plugins\org.eclipse.m2e.maven.runtime_3.9.400.20230826-0755\jars\commons-lang3-3.12.0.jar
2023-10-25 13:58:52,253 [Worker-6: Launching mavenrun-5f4c1f9c-6359-4aa8-a0ad-b79c2ce668d5] INFO  o.eclipse.m2e.core.internal.Bundles - 	Entry: C:\Users\neral\.p2\pool\plugins\org.eclipse.m2e.maven.runtime_3.9.400.20230826-0755\jars\guice-5.1.0.jar
2023-10-25 13:58:52,253 [Worker-6: Launching mavenrun-5f4c1f9c-6359-4aa8-a0ad-b79c2ce668d5] INFO  o.eclipse.m2e.core.internal.Bundles - 	Entry: C:\Users\neral\.p2\pool\plugins\org.eclipse.m2e.maven.runtime_3.9.400.20230826-0755\jars\jansi-2.4.0.jar
2023-10-25 13:58:52,253 [Worker-6: Launching mavenrun-5f4c1f9c-6359-4aa8-a0ad-b79c2ce668d5] INFO  o.eclipse.m2e.core.internal.Bundles - 	Entry: C:\Users\neral\.p2\pool\plugins\org.eclipse.m2e.maven.runtime_3.9.400.20230826-0755\jars\maven-artifact-3.9.4.jar
2023-10-25 13:58:52,254 [Worker-6: Launching mavenrun-5f4c1f9c-6359-4aa8-a0ad-b79c2ce668d5] INFO  o.eclipse.m2e.core.internal.Bundles - 	Entry: C:\Users\neral\.p2\pool\plugins\org.eclipse.m2e.maven.runtime_3.9.400.20230826-0755\jars\maven-builder-support-3.9.4.jar
2023-10-25 13:58:52,254 [Worker-6: Launching mavenrun-5f4c1f9c-6359-4aa8-a0ad-b79c2ce668d5] INFO  o.eclipse.m2e.core.internal.Bundles - 	Entry: C:\Users\neral\.p2\pool\plugins\org.eclipse.m2e.maven.runtime_3.9.400.20230826-0755\jars\maven-compat-3.9.4.jar
2023-10-25 13:58:52,254 [Worker-6: Launching mavenrun-5f4c1f9c-6359-4aa8-a0ad-b79c2ce668d5] INFO  o.eclipse.m2e.core.internal.Bundles - 	Entry: C:\Users\neral\.p2\pool\plugins\org.eclipse.m2e.maven.runtime_3.9.400.20230826-0755\jars\maven-core-3.9.4.jar
2023-10-25 13:58:52,254 [Worker-6: Launching mavenrun-5f4c1f9c-6359-4aa8-a0ad-b79c2ce668d5] INFO  o.eclipse.m2e.core.internal.Bundles - 	Entry: C:\Users\neral\.p2\pool\plugins\org.eclipse.m2e.maven.runtime_3.9.400.20230826-0755\jars\maven-embedder-3.9.4.jar
2023-10-25 13:58:52,254 [Worker-6: Launching mavenrun-5f4c1f9c-6359-4aa8-a0ad-b79c2ce668d5] INFO  o.eclipse.m2e.core.internal.Bundles - 	Entry: C:\Users\neral\.p2\pool\plugins\org.eclipse.m2e.maven.runtime_3.9.400.20230826-0755\jars\maven-model-3.9.4.jar
2023-10-25 13:58:52,254 [Worker-6: Launching mavenrun-5f4c1f9c-6359-4aa8-a0ad-b79c2ce668d5] INFO  o.eclipse.m2e.core.internal.Bundles - 	Entry: C:\Users\neral\.p2\pool\plugins\org.eclipse.m2e.maven.runtime_3.9.400.20230826-0755\jars\maven-model-builder-3.9.4.jar
2023-10-25 13:58:52,254 [Worker-6: Launching mavenrun-5f4c1f9c-6359-4aa8-a0ad-b79c2ce668d5] INFO  o.eclipse.m2e.core.internal.Bundles - 	Entry: C:\Users\neral\.p2\pool\plugins\org.eclipse.m2e.maven.runtime_3.9.400.20230826-0755\jars\maven-plugin-api-3.9.4.jar
2023-10-25 13:58:52,255 [Worker-6: Launching mavenrun-5f4c1f9c-6359-4aa8-a0ad-b79c2ce668d5] INFO  o.eclipse.m2e.core.internal.Bundles - 	Entry: C:\Users\neral\.p2\pool\plugins\org.eclipse.m2e.maven.runtime_3.9.400.20230826-0755\jars\maven-repository-metadata-3.9.4.jar
2023-10-25 13:58:52,255 [Worker-6: Launching mavenrun-5f4c1f9c-6359-4aa8-a0ad-b79c2ce668d5] INFO  o.eclipse.m2e.core.internal.Bundles - 	Entry: C:\Users\neral\.p2\pool\plugins\org.eclipse.m2e.maven.runtime_3.9.400.20230826-0755\jars\maven-resolver-api-1.9.14.jar
2023-10-25 13:58:52,255 [Worker-6: Launching mavenrun-5f4c1f9c-6359-4aa8-a0ad-b79c2ce668d5] INFO  o.eclipse.m2e.core.internal.Bundles - 	Entry: C:\Users\neral\.p2\pool\plugins\org.eclipse.m2e.maven.runtime_3.9.400.20230826-0755\jars\maven-resolver-connector-basic-1.9.14.jar
2023-10-25 13:58:52,255 [Worker-6: Launching mavenrun-5f4c1f9c-6359-4aa8-a0ad-b79c2ce668d5] INFO  o.eclipse.m2e.core.internal.Bundles - 	Entry: C:\Users\neral\.p2\pool\plugins\org.eclipse.m2e.maven.runtime_3.9.400.20230826-0755\jars\maven-resolver-impl-1.9.14.jar
2023-10-25 13:58:52,255 [Worker-6: Launching mavenrun-5f4c1f9c-6359-4aa8-a0ad-b79c2ce668d5] INFO  o.eclipse.m2e.core.internal.Bundles - 	Entry: C:\Users\neral\.p2\pool\plugins\org.eclipse.m2e.maven.runtime_3.9.400.20230826-0755\jars\maven-resolver-named-locks-1.9.14.jar
2023-10-25 13:58:52,255 [Worker-6: Launching mavenrun-5f4c1f9c-6359-4aa8-a0ad-b79c2ce668d5] INFO  o.eclipse.m2e.core.internal.Bundles - 	Entry: C:\Users\neral\.p2\pool\plugins\org.eclipse.m2e.maven.runtime_3.9.400.20230826-0755\jars\maven-resolver-provider-3.9.4.jar
2023-10-25 13:58:52,256 [Worker-6: Launching mavenrun-5f4c1f9c-6359-4aa8-a0ad-b79c2ce668d5] INFO  o.eclipse.m2e.core.internal.Bundles - 	Entry: C:\Users\neral\.p2\pool\plugins\org.eclipse.m2e.maven.runtime_3.9.400.20230826-0755\jars\maven-resolver-spi-1.9.14.jar
2023-10-25 13:58:52,256 [Worker-6: Launching mavenrun-5f4c1f9c-6359-4aa8-a0ad-b79c2ce668d5] INFO  o.eclipse.m2e.core.internal.Bundles - 	Entry: C:\Users\neral\.p2\pool\plugins\org.eclipse.m2e.maven.runtime_3.9.400.20230826-0755\jars\maven-resolver-transport-wagon-1.9.14.jar
2023-10-25 13:58:52,256 [Worker-6: Launching mavenrun-5f4c1f9c-6359-4aa8-a0ad-b79c2ce668d5] INFO  o.eclipse.m2e.core.internal.Bundles - 	Entry: C:\Users\neral\.p2\pool\plugins\org.eclipse.m2e.maven.runtime_3.9.400.20230826-0755\jars\maven-resolver-util-1.9.14.jar
2023-10-25 13:58:52,256 [Worker-6: Launching mavenrun-5f4c1f9c-6359-4aa8-a0ad-b79c2ce668d5] INFO  o.eclipse.m2e.core.internal.Bundles - 	Entry: C:\Users\neral\.p2\pool\plugins\org.eclipse.m2e.maven.runtime_3.9.400.20230826-0755\jars\maven-settings-3.9.4.jar
2023-10-25 13:58:52,256 [Worker-6: Launching mavenrun-5f4c1f9c-6359-4aa8-a0ad-b79c2ce668d5] INFO  o.eclipse.m2e.core.internal.Bundles - 	Entry: C:\Users\neral\.p2\pool\plugins\org.eclipse.m2e.maven.runtime_3.9.400.20230826-0755\jars\maven-settings-builder-3.9.4.jar
2023-10-25 13:58:52,256 [Worker-6: Launching mavenrun-5f4c1f9c-6359-4aa8-a0ad-b79c2ce668d5] INFO  o.eclipse.m2e.core.internal.Bundles - 	Entry: C:\Users\neral\.p2\pool\plugins\org.eclipse.m2e.maven.runtime_3.9.400.20230826-0755\jars\maven-shared-utils-3.3.4.jar
2023-10-25 13:58:52,257 [Worker-6: Launching mavenrun-5f4c1f9c-6359-4aa8-a0ad-b79c2ce668d5] INFO  o.eclipse.m2e.core.internal.Bundles - 	Entry: C:\Users\neral\.p2\pool\plugins\org.eclipse.m2e.maven.runtime_3.9.400.20230826-0755\jars\okhttp-3.14.1.jar
2023-10-25 13:58:52,257 [Worker-6: Launching mavenrun-5f4c1f9c-6359-4aa8-a0ad-b79c2ce668d5] INFO  o.eclipse.m2e.core.internal.Bundles - 	Entry: C:\Users\neral\.p2\pool\plugins\org.eclipse.m2e.maven.runtime_3.9.400.20230826-0755\jars\okio-1.17.3.jar
2023-10-25 13:58:52,257 [Worker-6: Launching mavenrun-5f4c1f9c-6359-4aa8-a0ad-b79c2ce668d5] INFO  o.eclipse.m2e.core.internal.Bundles - 	Entry: C:\Users\neral\.p2\pool\plugins\org.eclipse.m2e.maven.runtime_3.9.400.20230826-0755\jars\org.eclipse.sisu.inject-0.3.5.jar
2023-10-25 13:58:52,257 [Worker-6: Launching mavenrun-5f4c1f9c-6359-4aa8-a0ad-b79c2ce668d5] INFO  o.eclipse.m2e.core.internal.Bundles - 	Entry: C:\Users\neral\.p2\pool\plugins\org.eclipse.m2e.maven.runtime_3.9.400.20230826-0755\jars\org.eclipse.sisu.plexus-0.3.5.jar
2023-10-25 13:58:52,257 [Worker-6: Launching mavenrun-5f4c1f9c-6359-4aa8-a0ad-b79c2ce668d5] INFO  o.eclipse.m2e.core.internal.Bundles - 	Entry: C:\Users\neral\.p2\pool\plugins\org.eclipse.m2e.maven.runtime_3.9.400.20230826-0755\jars\plexus-build-api-0.0.7.jar
2023-10-25 13:58:52,257 [Worker-6: Launching mavenrun-5f4c1f9c-6359-4aa8-a0ad-b79c2ce668d5] INFO  o.eclipse.m2e.core.internal.Bundles - 	Entry: C:\Users\neral\.p2\pool\plugins\org.eclipse.m2e.maven.runtime_3.9.400.20230826-0755\jars\plexus-cipher-2.0.jar
2023-10-25 13:58:52,257 [Worker-6: Launching mavenrun-5f4c1f9c-6359-4aa8-a0ad-b79c2ce668d5] INFO  o.eclipse.m2e.core.internal.Bundles - 	Entry: C:\Users\neral\.p2\pool\plugins\org.eclipse.m2e.maven.runtime_3.9.400.20230826-0755\jars\plexus-classworlds-2.7.0.jar
2023-10-25 13:58:52,258 [Worker-6: Launching mavenrun-5f4c1f9c-6359-4aa8-a0ad-b79c2ce668d5] INFO  o.eclipse.m2e.core.internal.Bundles - 	Entry: C:\Users\neral\.p2\pool\plugins\org.eclipse.m2e.maven.runtime_3.9.400.20230826-0755\jars\plexus-component-annotations-2.1.0.jar
2023-10-25 13:58:52,258 [Worker-6: Launching mavenrun-5f4c1f9c-6359-4aa8-a0ad-b79c2ce668d5] INFO  o.eclipse.m2e.core.internal.Bundles - 	Entry: C:\Users\neral\.p2\pool\plugins\org.eclipse.m2e.maven.runtime_3.9.400.20230826-0755\jars\plexus-interpolation-1.26.jar
2023-10-25 13:58:52,258 [Worker-6: Launching mavenrun-5f4c1f9c-6359-4aa8-a0ad-b79c2ce668d5] INFO  o.eclipse.m2e.core.internal.Bundles - 	Entry: C:\Users\neral\.p2\pool\plugins\org.eclipse.m2e.maven.runtime_3.9.400.20230826-0755\jars\plexus-sec-dispatcher-2.0.jar
2023-10-25 13:58:52,258 [Worker-6: Launching mavenrun-5f4c1f9c-6359-4aa8-a0ad-b79c2ce668d5] INFO  o.eclipse.m2e.core.internal.Bundles - 	Entry: C:\Users\neral\.p2\pool\plugins\org.eclipse.m2e.maven.runtime_3.9.400.20230826-0755\jars\plexus-utils-3.5.1.jar
2023-10-25 13:58:52,258 [Worker-6: Launching mavenrun-5f4c1f9c-6359-4aa8-a0ad-b79c2ce668d5] INFO  o.eclipse.m2e.core.internal.Bundles - 	Entry: C:\Users\neral\.p2\pool\plugins\org.eclipse.m2e.maven.runtime_3.9.400.20230826-0755\jars\wagon-file-3.5.3.jar
2023-10-25 13:58:52,259 [Worker-6: Launching mavenrun-5f4c1f9c-6359-4aa8-a0ad-b79c2ce668d5] INFO  o.eclipse.m2e.core.internal.Bundles - 	Entry: C:\Users\neral\.p2\pool\plugins\org.eclipse.m2e.maven.runtime_3.9.400.20230826-0755\jars\wagon-provider-api-3.5.3.jar
2023-10-25 13:58:52,260 [Worker-6: Launching mavenrun-5f4c1f9c-6359-4aa8-a0ad-b79c2ce668d5] INFO  o.eclipse.m2e.core.internal.Bundles - getClasspathEntries(Bundle=com.google.guava_32.1.2.jre [12])
2023-10-25 13:58:52,261 [Worker-6: Launching mavenrun-5f4c1f9c-6359-4aa8-a0ad-b79c2ce668d5] INFO  o.eclipse.m2e.core.internal.Bundles - 	Entry: C:\Users\Neral\.p2\pool\plugins\com.google.guava_32.1.2.jre.jar
2023-10-25 13:58:52,261 [Worker-6: Launching mavenrun-5f4c1f9c-6359-4aa8-a0ad-b79c2ce668d5] INFO  o.eclipse.m2e.core.internal.Bundles - getClasspathEntries(Bundle=slf4j.api_2.0.9 [982])
2023-10-25 13:58:52,262 [Worker-6: Launching mavenrun-5f4c1f9c-6359-4aa8-a0ad-b79c2ce668d5] INFO  o.eclipse.m2e.core.internal.Bundles - 	Entry: C:\Users\Neral\.p2\pool\plugins\slf4j.api_2.0.9.jar
2023-10-25 13:58:52,262 [Worker-6: Launching mavenrun-5f4c1f9c-6359-4aa8-a0ad-b79c2ce668d5] INFO  o.eclipse.m2e.core.internal.Bundles - getClasspathEntries(Bundle=javax.inject_1.0.0.v20220405-0441 [38])
2023-10-25 13:58:52,262 [Worker-6: Launching mavenrun-5f4c1f9c-6359-4aa8-a0ad-b79c2ce668d5] INFO  o.eclipse.m2e.core.internal.Bundles - 	Entry: C:\Users\Neral\.p2\pool\plugins\javax.inject_1.0.0.v20220405-0441.jar
2023-10-25 13:58:52,262 [Worker-6: Launching mavenrun-5f4c1f9c-6359-4aa8-a0ad-b79c2ce668d5] INFO  o.eclipse.m2e.core.internal.Bundles - getClasspathEntries(Bundle=javax.annotation_1.3.5.v20200909-1856 [36])
2023-10-25 13:58:52,263 [Worker-6: Launching mavenrun-5f4c1f9c-6359-4aa8-a0ad-b79c2ce668d5] INFO  o.eclipse.m2e.core.internal.Bundles - 	Entry: C:\Users\Neral\.p2\pool\plugins\javax.annotation_1.3.5.v20200909-1856.jar
2023-10-25 13:58:52,263 [Worker-6: Launching mavenrun-5f4c1f9c-6359-4aa8-a0ad-b79c2ce668d5] INFO  o.eclipse.m2e.core.internal.Bundles - getClasspathEntries(Bundle=org.apache.commons.cli_1.5.0 [73])
2023-10-25 13:58:52,263 [Worker-6: Launching mavenrun-5f4c1f9c-6359-4aa8-a0ad-b79c2ce668d5] INFO  o.eclipse.m2e.core.internal.Bundles - 	Entry: C:\Users\Neral\.p2\pool\plugins\org.apache.commons.cli_1.5.0.jar
2023-10-25 13:58:52,263 [Worker-6: Launching mavenrun-5f4c1f9c-6359-4aa8-a0ad-b79c2ce668d5] INFO  o.eclipse.m2e.core.internal.Bundles - getClasspathEntries(Bundle=com.google.guava.failureaccess_1.0.1 [14])
2023-10-25 13:58:52,264 [Worker-6: Launching mavenrun-5f4c1f9c-6359-4aa8-a0ad-b79c2ce668d5] INFO  o.eclipse.m2e.core.internal.Bundles - 	Entry: C:\Users\Neral\.p2\pool\plugins\com.google.guava.failureaccess_1.0.1.jar
2023-10-25 13:58:52,269 [Worker-6: Launching mavenrun-5f4c1f9c-6359-4aa8-a0ad-b79c2ce668d5] INFO  o.e.m.i.launch.MavenLaunchDelegate - Run build in "C:\Users\Neral\AppData\Local\Temp\m2e-archetypeGenerator17147339453708367495":
2023-10-25 13:58:52,273 [Worker-6: Launching mavenrun-5f4c1f9c-6359-4aa8-a0ad-b79c2ce668d5] INFO  o.e.m.i.launch.MavenLaunchDelegate -  mvn  -DarchetypeGroupId=org.apache.maven.archetypes -DarchetypeArtifactId=maven-archetype-webapp -DarchetypeVersion=1.0 -DgroupId=com.suchiit -DartifactId=OnlineQuiz -Dversion=0.0.1-SNAPSHOT -Dpackage=com.suchiit.OnlineQuiz -DoutputDirectory=C:\Users\Neral\eclipse-workspace2\eclipse-workspacehibernate -Dstyle.color=always -U archetype:generate
2023-10-25 13:59:08,325 [Worker-21: Creating maven-archetype-webapp] INFO  o.e.m.c.i.p.ProjectConfigurationManager - Collecting project info '/pom.xml' C:\Users\Neral\eclipse-workspace2\eclipse-workspacehibernate\OnlineQuiz\pom.xml
2023-10-25 13:59:08,969 [Worker-21: Creating maven-archetype-webapp] INFO  o.e.m.c.i.l.LifecycleMappingFactory - Using org.maven.ide.eclipse.wtp.WarLifecycleMapping lifecycle mapping for MavenProject: com.suchiit:OnlineQuiz:0.0.1-SNAPSHOT @ C:\Users\Neral\eclipse-workspace2\eclipse-workspacehibernate\OnlineQuiz\pom.xml.
2023-10-25 13:59:10,871 [Worker-21: Creating maven-archetype-webapp] INFO  o.e.m.j.i.AbstractJavaProjectConfigurator - Adding source folder /OnlineQuiz/src/main/java
2023-10-25 13:59:10,872 [Worker-21: Creating maven-archetype-webapp] INFO  o.e.m.j.i.AbstractJavaProjectConfigurator - Adding resource folder /OnlineQuiz/src/main/resources
2023-10-25 13:59:10,873 [Worker-21: Creating maven-archetype-webapp] INFO  o.e.m.j.i.AbstractJavaProjectConfigurator - Adding source folder /OnlineQuiz/src/test/java
2023-10-25 13:59:10,874 [Worker-21: Creating maven-archetype-webapp] INFO  o.e.m.j.i.AbstractJavaProjectConfigurator - Adding resource folder /OnlineQuiz/src/test/resources
2023-10-25 13:59:11,690 [Worker-21: Creating maven-archetype-webapp] INFO  o.e.m.c.i.p.ProjectConfigurationManager - Imported and configured 1 project(s) in 3 sec
2023-10-25 13:59:12,576 [Worker-23: Building] WARN  o.a.m.s.f.DefaultMavenResourcesFiltering - Using platform encoding (UTF-8 actually) to copy filtered resources, i.e. build is platform dependent!
2023-10-25 13:59:12,590 [Worker-23: Building] INFO  o.a.m.s.f.DefaultMavenResourcesFiltering - Copying 0 resource from src\main\resources to target\classes
2023-10-25 13:59:12,596 [Worker-23: Building] WARN  o.a.m.s.f.DefaultMavenResourcesFiltering - Using platform encoding (UTF-8 actually) to copy filtered resources, i.e. build is platform dependent!
2023-10-25 13:59:12,598 [Worker-23: Building] INFO  o.a.m.s.f.DefaultMavenResourcesFiltering - skip non existing resourceDirectory C:\Users\Neral\eclipse-workspace2\eclipse-workspacehibernate\OnlineQuiz\src\test\resources
2023-10-25 16:27:28,554 [Worker-32: Launching mavenrun-4b5570d7-7731-42ad-959a-956fe17152fd] INFO  o.eclipse.m2e.core.internal.Bundles - getClasspathEntries(Bundle=org.eclipse.m2e.maven.runtime_3.9.400.20230826-0755 [621])
2023-10-25 16:27:28,555 [Worker-32: Launching mavenrun-4b5570d7-7731-42ad-959a-956fe17152fd] INFO  o.eclipse.m2e.core.internal.Bundles - 	Entry: C:\Users\Neral\.p2\pool\plugins\org.eclipse.m2e.maven.runtime_3.9.400.20230826-0755
2023-10-25 16:27:28,555 [Worker-32: Launching mavenrun-4b5570d7-7731-42ad-959a-956fe17152fd] INFO  o.eclipse.m2e.core.internal.Bundles - 	Entry: C:\Users\neral\.p2\pool\plugins\org.eclipse.m2e.maven.runtime_3.9.400.20230826-0755\jars\aether-connector-okhttp-0.17.8.jar
2023-10-25 16:27:28,555 [Worker-32: Launching mavenrun-4b5570d7-7731-42ad-959a-956fe17152fd] INFO  o.eclipse.m2e.core.internal.Bundles - 	Entry: C:\Users\neral\.p2\pool\plugins\org.eclipse.m2e.maven.runtime_3.9.400.20230826-0755\jars\aopalliance-1.0.jar
2023-10-25 16:27:28,555 [Worker-32: Launching mavenrun-4b5570d7-7731-42ad-959a-956fe17152fd] INFO  o.eclipse.m2e.core.internal.Bundles - 	Entry: C:\Users\neral\.p2\pool\plugins\org.eclipse.m2e.maven.runtime_3.9.400.20230826-0755\jars\commons-lang3-3.12.0.jar
2023-10-25 16:27:28,556 [Worker-32: Launching mavenrun-4b5570d7-7731-42ad-959a-956fe17152fd] INFO  o.eclipse.m2e.core.internal.Bundles - 	Entry: C:\Users\neral\.p2\pool\plugins\org.eclipse.m2e.maven.runtime_3.9.400.20230826-0755\jars\guice-5.1.0.jar
2023-10-25 16:27:28,557 [Worker-32: Launching mavenrun-4b5570d7-7731-42ad-959a-956fe17152fd] INFO  o.eclipse.m2e.core.internal.Bundles - 	Entry: C:\Users\neral\.p2\pool\plugins\org.eclipse.m2e.maven.runtime_3.9.400.20230826-0755\jars\jansi-2.4.0.jar
2023-10-25 16:27:28,557 [Worker-32: Launching mavenrun-4b5570d7-7731-42ad-959a-956fe17152fd] INFO  o.eclipse.m2e.core.internal.Bundles - 	Entry: C:\Users\neral\.p2\pool\plugins\org.eclipse.m2e.maven.runtime_3.9.400.20230826-0755\jars\maven-artifact-3.9.4.jar
2023-10-25 16:27:28,557 [Worker-32: Launching mavenrun-4b5570d7-7731-42ad-959a-956fe17152fd] INFO  o.eclipse.m2e.core.internal.Bundles - 	Entry: C:\Users\neral\.p2\pool\plugins\org.eclipse.m2e.maven.runtime_3.9.400.20230826-0755\jars\maven-builder-support-3.9.4.jar
2023-10-25 16:27:28,557 [Worker-32: Launching mavenrun-4b5570d7-7731-42ad-959a-956fe17152fd] INFO  o.eclipse.m2e.core.internal.Bundles - 	Entry: C:\Users\neral\.p2\pool\plugins\org.eclipse.m2e.maven.runtime_3.9.400.20230826-0755\jars\maven-compat-3.9.4.jar
2023-10-25 16:27:28,557 [Worker-32: Launching mavenrun-4b5570d7-7731-42ad-959a-956fe17152fd] INFO  o.eclipse.m2e.core.internal.Bundles - 	Entry: C:\Users\neral\.p2\pool\plugins\org.eclipse.m2e.maven.runtime_3.9.400.20230826-0755\jars\maven-core-3.9.4.jar
2023-10-25 16:27:28,558 [Worker-32: Launching mavenrun-4b5570d7-7731-42ad-959a-956fe17152fd] INFO  o.eclipse.m2e.core.internal.Bundles - 	Entry: C:\Users\neral\.p2\pool\plugins\org.eclipse.m2e.maven.runtime_3.9.400.20230826-0755\jars\maven-embedder-3.9.4.jar
2023-10-25 16:27:28,558 [Worker-32: Launching mavenrun-4b5570d7-7731-42ad-959a-956fe17152fd] INFO  o.eclipse.m2e.core.internal.Bundles - 	Entry: C:\Users\neral\.p2\pool\plugins\org.eclipse.m2e.maven.runtime_3.9.400.20230826-0755\jars\maven-model-3.9.4.jar
2023-10-25 16:27:28,558 [Worker-32: Launching mavenrun-4b5570d7-7731-42ad-959a-956fe17152fd] INFO  o.eclipse.m2e.core.internal.Bundles - 	Entry: C:\Users\neral\.p2\pool\plugins\org.eclipse.m2e.maven.runtime_3.9.400.20230826-0755\jars\maven-model-builder-3.9.4.jar
2023-10-25 16:27:28,558 [Worker-32: Launching mavenrun-4b5570d7-7731-42ad-959a-956fe17152fd] INFO  o.eclipse.m2e.core.internal.Bundles - 	Entry: C:\Users\neral\.p2\pool\plugins\org.eclipse.m2e.maven.runtime_3.9.400.20230826-0755\jars\maven-plugin-api-3.9.4.jar
2023-10-25 16:27:28,559 [Worker-32: Launching mavenrun-4b5570d7-7731-42ad-959a-956fe17152fd] INFO  o.eclipse.m2e.core.internal.Bundles - 	Entry: C:\Users\neral\.p2\pool\plugins\org.eclipse.m2e.maven.runtime_3.9.400.20230826-0755\jars\maven-repository-metadata-3.9.4.jar
2023-10-25 16:27:28,559 [Worker-32: Launching mavenrun-4b5570d7-7731-42ad-959a-956fe17152fd] INFO  o.eclipse.m2e.core.internal.Bundles - 	Entry: C:\Users\neral\.p2\pool\plugins\org.eclipse.m2e.maven.runtime_3.9.400.20230826-0755\jars\maven-resolver-api-1.9.14.jar
2023-10-25 16:27:28,559 [Worker-32: Launching mavenrun-4b5570d7-7731-42ad-959a-956fe17152fd] INFO  o.eclipse.m2e.core.internal.Bundles - 	Entry: C:\Users\neral\.p2\pool\plugins\org.eclipse.m2e.maven.runtime_3.9.400.20230826-0755\jars\maven-resolver-connector-basic-1.9.14.jar
2023-10-25 16:27:28,559 [Worker-32: Launching mavenrun-4b5570d7-7731-42ad-959a-956fe17152fd] INFO  o.eclipse.m2e.core.internal.Bundles - 	Entry: C:\Users\neral\.p2\pool\plugins\org.eclipse.m2e.maven.runtime_3.9.400.20230826-0755\jars\maven-resolver-impl-1.9.14.jar
2023-10-25 16:27:28,560 [Worker-32: Launching mavenrun-4b5570d7-7731-42ad-959a-956fe17152fd] INFO  o.eclipse.m2e.core.internal.Bundles - 	Entry: C:\Users\neral\.p2\pool\plugins\org.eclipse.m2e.maven.runtime_3.9.400.20230826-0755\jars\maven-resolver-named-locks-1.9.14.jar
2023-10-25 16:27:28,560 [Worker-32: Launching mavenrun-4b5570d7-7731-42ad-959a-956fe17152fd] INFO  o.eclipse.m2e.core.internal.Bundles - 	Entry: C:\Users\neral\.p2\pool\plugins\org.eclipse.m2e.maven.runtime_3.9.400.20230826-0755\jars\maven-resolver-provider-3.9.4.jar
2023-10-25 16:27:28,560 [Worker-32: Launching mavenrun-4b5570d7-7731-42ad-959a-956fe17152fd] INFO  o.eclipse.m2e.core.internal.Bundles - 	Entry: C:\Users\neral\.p2\pool\plugins\org.eclipse.m2e.maven.runtime_3.9.400.20230826-0755\jars\maven-resolver-spi-1.9.14.jar
2023-10-25 16:27:28,560 [Worker-32: Launching mavenrun-4b5570d7-7731-42ad-959a-956fe17152fd] INFO  o.eclipse.m2e.core.internal.Bundles - 	Entry: C:\Users\neral\.p2\pool\plugins\org.eclipse.m2e.maven.runtime_3.9.400.20230826-0755\jars\maven-resolver-transport-wagon-1.9.14.jar
2023-10-25 16:27:28,561 [Worker-32: Launching mavenrun-4b5570d7-7731-42ad-959a-956fe17152fd] INFO  o.eclipse.m2e.core.internal.Bundles - 	Entry: C:\Users\neral\.p2\pool\plugins\org.eclipse.m2e.maven.runtime_3.9.400.20230826-0755\jars\maven-resolver-util-1.9.14.jar
2023-10-25 16:27:28,561 [Worker-32: Launching mavenrun-4b5570d7-7731-42ad-959a-956fe17152fd] INFO  o.eclipse.m2e.core.internal.Bundles - 	Entry: C:\Users\neral\.p2\pool\plugins\org.eclipse.m2e.maven.runtime_3.9.400.20230826-0755\jars\maven-settings-3.9.4.jar
2023-10-25 16:27:28,561 [Worker-32: Launching mavenrun-4b5570d7-7731-42ad-959a-956fe17152fd] INFO  o.eclipse.m2e.core.internal.Bundles - 	Entry: C:\Users\neral\.p2\pool\plugins\org.eclipse.m2e.maven.runtime_3.9.400.20230826-0755\jars\maven-settings-builder-3.9.4.jar
2023-10-25 16:27:28,561 [Worker-32: Launching mavenrun-4b5570d7-7731-42ad-959a-956fe17152fd] INFO  o.eclipse.m2e.core.internal.Bundles - 	Entry: C:\Users\neral\.p2\pool\plugins\org.eclipse.m2e.maven.runtime_3.9.400.20230826-0755\jars\maven-shared-utils-3.3.4.jar
2023-10-25 16:27:28,562 [Worker-32: Launching mavenrun-4b5570d7-7731-42ad-959a-956fe17152fd] INFO  o.eclipse.m2e.core.internal.Bundles - 	Entry: C:\Users\neral\.p2\pool\plugins\org.eclipse.m2e.maven.runtime_3.9.400.20230826-0755\jars\okhttp-3.14.1.jar
2023-10-25 16:27:28,562 [Worker-32: Launching mavenrun-4b5570d7-7731-42ad-959a-956fe17152fd] INFO  o.eclipse.m2e.core.internal.Bundles - 	Entry: C:\Users\neral\.p2\pool\plugins\org.eclipse.m2e.maven.runtime_3.9.400.20230826-0755\jars\okio-1.17.3.jar
2023-10-25 16:27:28,562 [Worker-32: Launching mavenrun-4b5570d7-7731-42ad-959a-956fe17152fd] INFO  o.eclipse.m2e.core.internal.Bundles - 	Entry: C:\Users\neral\.p2\pool\plugins\org.eclipse.m2e.maven.runtime_3.9.400.20230826-0755\jars\org.eclipse.sisu.inject-0.3.5.jar
2023-10-25 16:27:28,562 [Worker-32: Launching mavenrun-4b5570d7-7731-42ad-959a-956fe17152fd] INFO  o.eclipse.m2e.core.internal.Bundles - 	Entry: C:\Users\neral\.p2\pool\plugins\org.eclipse.m2e.maven.runtime_3.9.400.20230826-0755\jars\org.eclipse.sisu.plexus-0.3.5.jar
2023-10-25 16:27:28,563 [Worker-32: Launching mavenrun-4b5570d7-7731-42ad-959a-956fe17152fd] INFO  o.eclipse.m2e.core.internal.Bundles - 	Entry: C:\Users\neral\.p2\pool\plugins\org.eclipse.m2e.maven.runtime_3.9.400.20230826-0755\jars\plexus-build-api-0.0.7.jar
2023-10-25 16:27:28,564 [Worker-32: Launching mavenrun-4b5570d7-7731-42ad-959a-956fe17152fd] INFO  o.eclipse.m2e.core.internal.Bundles - 	Entry: C:\Users\neral\.p2\pool\plugins\org.eclipse.m2e.maven.runtime_3.9.400.20230826-0755\jars\plexus-cipher-2.0.jar
2023-10-25 16:27:28,565 [Worker-32: Launching mavenrun-4b5570d7-7731-42ad-959a-956fe17152fd] INFO  o.eclipse.m2e.core.internal.Bundles - 	Entry: C:\Users\neral\.p2\pool\plugins\org.eclipse.m2e.maven.runtime_3.9.400.20230826-0755\jars\plexus-classworlds-2.7.0.jar
2023-10-25 16:27:28,565 [Worker-32: Launching mavenrun-4b5570d7-7731-42ad-959a-956fe17152fd] INFO  o.eclipse.m2e.core.internal.Bundles - 	Entry: C:\Users\neral\.p2\pool\plugins\org.eclipse.m2e.maven.runtime_3.9.400.20230826-0755\jars\plexus-component-annotations-2.1.0.jar
2023-10-25 16:27:28,565 [Worker-32: Launching mavenrun-4b5570d7-7731-42ad-959a-956fe17152fd] INFO  o.eclipse.m2e.core.internal.Bundles - 	Entry: C:\Users\neral\.p2\pool\plugins\org.eclipse.m2e.maven.runtime_3.9.400.20230826-0755\jars\plexus-interpolation-1.26.jar
2023-10-25 16:27:28,565 [Worker-32: Launching mavenrun-4b5570d7-7731-42ad-959a-956fe17152fd] INFO  o.eclipse.m2e.core.internal.Bundles - 	Entry: C:\Users\neral\.p2\pool\plugins\org.eclipse.m2e.maven.runtime_3.9.400.20230826-0755\jars\plexus-sec-dispatcher-2.0.jar
2023-10-25 16:27:28,566 [Worker-32: Launching mavenrun-4b5570d7-7731-42ad-959a-956fe17152fd] INFO  o.eclipse.m2e.core.internal.Bundles - 	Entry: C:\Users\neral\.p2\pool\plugins\org.eclipse.m2e.maven.runtime_3.9.400.20230826-0755\jars\plexus-utils-3.5.1.jar
2023-10-25 16:27:28,566 [Worker-32: Launching mavenrun-4b5570d7-7731-42ad-959a-956fe17152fd] INFO  o.eclipse.m2e.core.internal.Bundles - 	Entry: C:\Users\neral\.p2\pool\plugins\org.eclipse.m2e.maven.runtime_3.9.400.20230826-0755\jars\wagon-file-3.5.3.jar
2023-10-25 16:27:28,567 [Worker-32: Launching mavenrun-4b5570d7-7731-42ad-959a-956fe17152fd] INFO  o.eclipse.m2e.core.internal.Bundles - 	Entry: C:\Users\neral\.p2\pool\plugins\org.eclipse.m2e.maven.runtime_3.9.400.20230826-0755\jars\wagon-provider-api-3.5.3.jar
2023-10-25 16:27:28,569 [Worker-32: Launching mavenrun-4b5570d7-7731-42ad-959a-956fe17152fd] INFO  o.eclipse.m2e.core.internal.Bundles - getClasspathEntries(Bundle=com.google.guava_32.1.2.jre [12])
2023-10-25 16:27:28,570 [Worker-32: Launching mavenrun-4b5570d7-7731-42ad-959a-956fe17152fd] INFO  o.eclipse.m2e.core.internal.Bundles - 	Entry: C:\Users\Neral\.p2\pool\plugins\com.google.guava_32.1.2.jre.jar
2023-10-25 16:27:28,570 [Worker-32: Launching mavenrun-4b5570d7-7731-42ad-959a-956fe17152fd] INFO  o.eclipse.m2e.core.internal.Bundles - getClasspathEntries(Bundle=slf4j.api_2.0.9 [982])
2023-10-25 16:27:28,571 [Worker-32: Launching mavenrun-4b5570d7-7731-42ad-959a-956fe17152fd] INFO  o.eclipse.m2e.core.internal.Bundles - 	Entry: C:\Users\Neral\.p2\pool\plugins\slf4j.api_2.0.9.jar
2023-10-25 16:27:28,571 [Worker-32: Launching mavenrun-4b5570d7-7731-42ad-959a-956fe17152fd] INFO  o.eclipse.m2e.core.internal.Bundles - getClasspathEntries(Bundle=javax.inject_1.0.0.v20220405-0441 [38])
2023-10-25 16:27:28,572 [Worker-32: Launching mavenrun-4b5570d7-7731-42ad-959a-956fe17152fd] INFO  o.eclipse.m2e.core.internal.Bundles - 	Entry: C:\Users\Neral\.p2\pool\plugins\javax.inject_1.0.0.v20220405-0441.jar
2023-10-25 16:27:28,572 [Worker-32: Launching mavenrun-4b5570d7-7731-42ad-959a-956fe17152fd] INFO  o.eclipse.m2e.core.internal.Bundles - getClasspathEntries(Bundle=javax.annotation_1.3.5.v20200909-1856 [36])
2023-10-25 16:27:28,573 [Worker-32: Launching mavenrun-4b5570d7-7731-42ad-959a-956fe17152fd] INFO  o.eclipse.m2e.core.internal.Bundles - 	Entry: C:\Users\Neral\.p2\pool\plugins\javax.annotation_1.3.5.v20200909-1856.jar
2023-10-25 16:27:28,573 [Worker-32: Launching mavenrun-4b5570d7-7731-42ad-959a-956fe17152fd] INFO  o.eclipse.m2e.core.internal.Bundles - getClasspathEntries(Bundle=org.apache.commons.cli_1.5.0 [73])
2023-10-25 16:27:28,573 [Worker-32: Launching mavenrun-4b5570d7-7731-42ad-959a-956fe17152fd] INFO  o.eclipse.m2e.core.internal.Bundles - 	Entry: C:\Users\Neral\.p2\pool\plugins\org.apache.commons.cli_1.5.0.jar
2023-10-25 16:27:28,573 [Worker-32: Launching mavenrun-4b5570d7-7731-42ad-959a-956fe17152fd] INFO  o.eclipse.m2e.core.internal.Bundles - getClasspathEntries(Bundle=com.google.guava.failureaccess_1.0.1 [14])
2023-10-25 16:27:28,573 [Worker-32: Launching mavenrun-4b5570d7-7731-42ad-959a-956fe17152fd] INFO  o.eclipse.m2e.core.internal.Bundles - 	Entry: C:\Users\Neral\.p2\pool\plugins\com.google.guava.failureaccess_1.0.1.jar
2023-10-25 16:27:28,575 [Worker-32: Launching mavenrun-4b5570d7-7731-42ad-959a-956fe17152fd] INFO  o.e.m.i.launch.MavenLaunchDelegate - Run build in "C:\Users\Neral\AppData\Local\Temp\m2e-archetypeGenerator17787693313438407629":
2023-10-25 16:27:28,575 [Worker-32: Launching mavenrun-4b5570d7-7731-42ad-959a-956fe17152fd] INFO  o.e.m.i.launch.MavenLaunchDelegate -  mvn  -DarchetypeGroupId=org.apache.maven.archetypes -DarchetypeArtifactId=maven-archetype-quickstart -DarchetypeVersion=1.1 -DgroupId=com.suchiit -DartifactId=StudentApp1 -Dversion=0.0.1-SNAPSHOT -Dpackage=com.suchiit.StudentApp1 -DoutputDirectory=C:\Users\Neral\eclipse-workspace2\eclipse-workspacehibernate -Dstyle.color=always -U archetype:generate
2023-10-25 16:28:24,541 [Worker-33: Creating maven-archetype-quickstart] INFO  o.e.m.c.i.p.ProjectConfigurationManager - Collecting project info '/pom.xml' C:\Users\Neral\eclipse-workspace2\eclipse-workspacehibernate\StudentApp1\pom.xml
2023-10-25 16:28:24,656 [Worker-33: Creating maven-archetype-quickstart] INFO  o.e.m.c.i.l.LifecycleMappingFactory - Using org.eclipse.m2e.jdt.JarLifecycleMapping lifecycle mapping for MavenProject: com.suchiit:StudentApp1:0.0.1-SNAPSHOT @ C:\Users\Neral\eclipse-workspace2\eclipse-workspacehibernate\StudentApp1\pom.xml.
2023-10-25 16:28:25,078 [Worker-33: Creating maven-archetype-quickstart] INFO  o.e.m.j.i.AbstractJavaProjectConfigurator - Adding source folder /StudentApp1/src/main/java
2023-10-25 16:28:25,079 [Worker-33: Creating maven-archetype-quickstart] INFO  o.e.m.j.i.AbstractJavaProjectConfigurator - Adding resource folder /StudentApp1/src/main/resources
2023-10-25 16:28:25,083 [Worker-33: Creating maven-archetype-quickstart] INFO  o.e.m.j.i.AbstractJavaProjectConfigurator - Adding source folder /StudentApp1/src/test/java
2023-10-25 16:28:25,083 [Worker-33: Creating maven-archetype-quickstart] INFO  o.e.m.j.i.AbstractJavaProjectConfigurator - Adding resource folder /StudentApp1/src/test/resources
2023-10-25 16:28:25,167 [Worker-33: Creating maven-archetype-quickstart] INFO  o.e.m.c.i.p.ProjectConfigurationManager - Imported and configured 1 project(s) in 0 sec
2023-10-25 16:28:25,552 [Worker-37: Building] INFO  o.a.m.s.f.DefaultMavenResourcesFiltering - skip non existing resourceDirectory C:\Users\Neral\eclipse-workspace2\eclipse-workspacehibernate\StudentApp1\src\main\resources
2023-10-25 16:28:25,556 [Worker-37: Building] INFO  o.a.m.s.f.DefaultMavenResourcesFiltering - skip non existing resourceDirectory C:\Users\Neral\eclipse-workspace2\eclipse-workspacehibernate\StudentApp1\src\test\resources
2023-10-25 16:36:43,595 [Worker-2: Loading available Gradle versions] INFO  o.e.b.c.i.u.g.PublishedGradleVersions - Gradle version information cache is up-to-date. Trying to read.
2023-10-25 16:41:26,497 [Worker-4: Loading available Gradle versions] INFO  o.e.b.c.i.u.g.PublishedGradleVersions - Gradle version information cache is up-to-date. Trying to read.
2023-10-25 16:47:35,916 [Worker-25: Building] WARN  o.a.m.s.f.DefaultMavenResourcesFiltering - Using platform encoding (UTF-8 actually) to copy filtered resources, i.e. build is platform dependent!
2023-10-25 16:47:35,926 [Worker-25: Building] INFO  o.a.m.s.f.DefaultMavenResourcesFiltering - Copying 0 resource from src\main\resources to target\classes
2023-10-25 16:47:35,932 [Worker-25: Building] WARN  o.a.m.s.f.DefaultMavenResourcesFiltering - Using platform encoding (UTF-8 actually) to copy filtered resources, i.e. build is platform dependent!
2023-10-25 16:47:35,933 [Worker-25: Building] INFO  o.a.m.s.f.DefaultMavenResourcesFiltering - skip non existing resourceDirectory C:\Users\Neral\eclipse-workspace2\eclipse-workspacehibernate\OnlineQuiz\src\test\resources
2023-10-25 16:47:37,364 [Worker-26: Building] INFO  o.a.m.s.f.DefaultMavenResourcesFiltering - skip non existing resourceDirectory C:\Users\Neral\eclipse-workspace2\eclipse-workspacehibernate\StudentApp1\src\main\resources
2023-10-25 16:47:37,367 [Worker-26: Building] INFO  o.a.m.s.f.DefaultMavenResourcesFiltering - skip non existing resourceDirectory C:\Users\Neral\eclipse-workspace2\eclipse-workspacehibernate\StudentApp1\src\test\resources
2023-10-25 16:47:55,352 [Worker-27: Building] INFO  o.a.m.s.f.DefaultMavenResourcesFiltering - skip non existing resourceDirectory C:\Users\Neral\eclipse-workspace2\eclipse-workspacehibernate\StudentApp1\src\main\resources
2023-10-25 16:47:55,354 [Worker-27: Building] INFO  o.a.m.s.f.DefaultMavenResourcesFiltering - skip non existing resourceDirectory C:\Users\Neral\eclipse-workspace2\eclipse-workspacehibernate\StudentApp1\src\test\resources
2023-10-25 16:51:16,850 [Worker-26: Building] INFO  o.a.m.s.f.DefaultMavenResourcesFiltering - skip non existing resourceDirectory C:\Users\Neral\eclipse-workspace2\eclipse-workspacehibernate\StudentApp1\src\main\resources
2023-10-25 16:51:16,852 [Worker-26: Building] INFO  o.a.m.s.f.DefaultMavenResourcesFiltering - skip non existing resourceDirectory C:\Users\Neral\eclipse-workspace2\eclipse-workspacehibernate\StudentApp1\src\test\resources
2023-10-25 16:57:54,555 [Worker-7: Loading available Gradle versions] INFO  o.e.b.c.i.u.g.PublishedGradleVersions - Gradle version information cache is up-to-date. Trying to read.
2023-10-25 17:06:04,137 [Worker-4: Loading available Gradle versions] INFO  o.e.b.c.i.u.g.PublishedGradleVersions - Gradle version information cache is up-to-date. Trying to read.
2023-10-25 17:12:16,032 [Worker-2: Loading available Gradle versions] INFO  o.e.b.c.i.u.g.PublishedGradleVersions - Gradle version information cache is up-to-date. Trying to read.
2023-10-25 17:14:17,593 [main] WARN  o.h.util.xpl.DTDEntityResolver - recognized obsolete hibernate namespace http://hibernate.sourceforge.net/. Use namespace http://www.hibernate.org/dtd/ instead. Refer to Hibernate 3.6 Migration Guide!
2023-10-25 17:14:49,705 [Worker-0: Building] WARN  o.a.m.s.f.DefaultMavenResourcesFiltering - Using platform encoding (UTF-8 actually) to copy filtered resources, i.e. build is platform dependent!
2023-10-25 17:14:49,712 [Worker-0: Building] INFO  o.a.m.s.f.DefaultMavenResourcesFiltering - Copying 0 resource from src\main\resources to target\classes
2023-10-25 17:14:49,721 [Worker-0: Building] WARN  o.a.m.s.f.DefaultMavenResourcesFiltering - Using platform encoding (UTF-8 actually) to copy filtered resources, i.e. build is platform dependent!
2023-10-25 17:14:49,721 [Worker-0: Building] INFO  o.a.m.s.f.DefaultMavenResourcesFiltering - skip non existing resourceDirectory C:\Users\Neral\eclipse-workspace2\eclipse-workspacehibernate\OnlineQuiz\src\test\resources
2023-10-25 17:14:51,840 [Worker-16: Building] INFO  o.a.m.s.f.DefaultMavenResourcesFiltering - skip non existing resourceDirectory C:\Users\Neral\eclipse-workspace2\eclipse-workspacehibernate\StudentApp1\src\main\resources
2023-10-25 17:14:51,844 [Worker-16: Building] INFO  o.a.m.s.f.DefaultMavenResourcesFiltering - skip non existing resourceDirectory C:\Users\Neral\eclipse-workspace2\eclipse-workspacehibernate\StudentApp1\src\test\resources
2023-10-25 17:16:43,817 [Worker-27: Building] INFO  o.a.m.s.f.DefaultMavenResourcesFiltering - skip non existing resourceDirectory C:\Users\Neral\eclipse-workspace2\eclipse-workspacehibernate\StudentApp1\src\main\resources
2023-10-25 17:16:43,825 [Worker-27: Building] INFO  o.a.m.s.f.DefaultMavenResourcesFiltering - skip non existing resourceDirectory C:\Users\Neral\eclipse-workspace2\eclipse-workspacehibernate\StudentApp1\src\test\resources
2023-10-25 17:16:44,864 [Worker-27: Building] INFO  o.a.m.s.f.DefaultMavenResourcesFiltering - skip non existing resourceDirectory C:\Users\Neral\eclipse-workspace2\eclipse-workspacehibernate\StudentApp1\src\main\resources
2023-10-25 17:16:44,868 [Worker-27: Building] INFO  o.a.m.s.f.DefaultMavenResourcesFiltering - skip non existing resourceDirectory C:\Users\Neral\eclipse-workspace2\eclipse-workspacehibernate\StudentApp1\src\test\resources
2023-10-25 17:18:00,004 [Worker-23: Building] INFO  o.a.m.s.f.DefaultMavenResourcesFiltering - skip non existing resourceDirectory C:\Users\Neral\eclipse-workspace2\eclipse-workspacehibernate\StudentApp1\src\main\resources
2023-10-25 17:18:00,010 [Worker-23: Building] INFO  o.a.m.s.f.DefaultMavenResourcesFiltering - skip non existing resourceDirectory C:\Users\Neral\eclipse-workspace2\eclipse-workspacehibernate\StudentApp1\src\test\resources
2023-10-25 17:20:06,690 [Worker-31: Building] INFO  o.a.m.s.f.DefaultMavenResourcesFiltering - skip non existing resourceDirectory C:\Users\Neral\eclipse-workspace2\eclipse-workspacehibernate\StudentApp1\src\main\resources
2023-10-25 17:20:06,694 [Worker-31: Building] INFO  o.a.m.s.f.DefaultMavenResourcesFiltering - skip non existing resourceDirectory C:\Users\Neral\eclipse-workspace2\eclipse-workspacehibernate\StudentApp1\src\test\resources
2023-10-25 17:24:18,600 [Worker-30: Building] INFO  o.e.m.c.i.l.LifecycleMappingFactory - Using org.eclipse.m2e.jdt.JarLifecycleMapping lifecycle mapping for MavenProject: com.suchiit:StudentApp1:0.0.1-SNAPSHOT @ C:\Users\Neral\eclipse-workspace2\eclipse-workspacehibernate\StudentApp1\pom.xml.
2023-10-25 17:24:18,882 [Worker-30: Building] INFO  o.e.m.c.i.e.AbstractTransferListenerAdapter - Downloading https://repo.maven.apache.org/maven2/mysql/mysql-connector-java/8.0.29/mysql-connector-java-8.0.29.pom
2023-10-25 17:24:18,894 [Worker-30: Building] INFO  o.e.m.c.i.e.AbstractTransferListenerAdapter - Downloaded https://repo.maven.apache.org/maven2/mysql/mysql-connector-java/8.0.29/mysql-connector-java-8.0.29.pom
2023-10-25 17:24:18,933 [Worker-30: Building] INFO  o.e.m.c.i.e.AbstractTransferListenerAdapter - Downloading https://repo.maven.apache.org/maven2/com/google/protobuf/protobuf-java/3.19.4/protobuf-java-3.19.4.pom
2023-10-25 17:24:18,946 [Worker-30: Building] INFO  o.e.m.c.i.e.AbstractTransferListenerAdapter - Downloaded https://repo.maven.apache.org/maven2/com/google/protobuf/protobuf-java/3.19.4/protobuf-java-3.19.4.pom
2023-10-25 17:24:18,980 [Worker-30: Building] INFO  o.e.m.c.i.e.AbstractTransferListenerAdapter - Downloading https://repo.maven.apache.org/maven2/com/google/protobuf/protobuf-parent/3.19.4/protobuf-parent-3.19.4.pom
2023-10-25 17:24:19,010 [Worker-30: Building] INFO  o.e.m.c.i.e.AbstractTransferListenerAdapter - Downloaded https://repo.maven.apache.org/maven2/com/google/protobuf/protobuf-parent/3.19.4/protobuf-parent-3.19.4.pom
2023-10-25 17:24:19,042 [Worker-30: Building] INFO  o.e.m.c.i.e.AbstractTransferListenerAdapter - Downloading https://repo.maven.apache.org/maven2/com/google/protobuf/protobuf-bom/3.19.4/protobuf-bom-3.19.4.pom
2023-10-25 17:24:19,062 [Worker-30: Building] INFO  o.e.m.c.i.e.AbstractTransferListenerAdapter - Downloaded https://repo.maven.apache.org/maven2/com/google/protobuf/protobuf-bom/3.19.4/protobuf-bom-3.19.4.pom
2023-10-25 17:24:19,091 [AetherRepositoryConnector-repo.maven.apache.org-0-0] INFO  o.e.m.c.i.e.AbstractTransferListenerAdapter - Downloading https://repo.maven.apache.org/maven2/mysql/mysql-connector-java/8.0.29/mysql-connector-java-8.0.29.jar
2023-10-25 17:24:19,125 [AetherRepositoryConnector-repo.maven.apache.org-0-1] INFO  o.e.m.c.i.e.AbstractTransferListenerAdapter - Downloading https://repo.maven.apache.org/maven2/com/google/protobuf/protobuf-java/3.19.4/protobuf-java-3.19.4.jar
2023-10-25 17:24:19,298 [AetherRepositoryConnector-repo.maven.apache.org-0-1] INFO  o.e.m.c.i.e.AbstractTransferListenerAdapter - Downloaded https://repo.maven.apache.org/maven2/com/google/protobuf/protobuf-java/3.19.4/protobuf-java-3.19.4.jar
2023-10-25 17:24:19,302 [AetherRepositoryConnector-repo.maven.apache.org-0-0] INFO  o.e.m.c.i.e.AbstractTransferListenerAdapter - Downloaded https://repo.maven.apache.org/maven2/mysql/mysql-connector-java/8.0.29/mysql-connector-java-8.0.29.jar
2023-10-25 17:24:19,411 [Worker-30: Building] INFO  o.a.m.s.f.DefaultMavenResourcesFiltering - skip non existing resourceDirectory C:\Users\Neral\eclipse-workspace2\eclipse-workspacehibernate\StudentApp1\src\main\resources
2023-10-25 17:24:19,413 [Worker-30: Building] INFO  o.a.m.s.f.DefaultMavenResourcesFiltering - skip non existing resourceDirectory C:\Users\Neral\eclipse-workspace2\eclipse-workspacehibernate\StudentApp1\src\test\resources
2023-10-25 17:24:19,869 [Worker-32: Updating Maven Project] INFO  o.e.m.c.i.p.ProjectConfigurationManager - Update started
2023-10-25 17:24:20,183 [Worker-32: Updating Maven Project] INFO  o.e.m.c.i.l.LifecycleMappingFactory - Using org.eclipse.m2e.jdt.JarLifecycleMapping lifecycle mapping for MavenProject: com.suchiit:StudentApp1:0.0.1-SNAPSHOT @ C:\Users\Neral\eclipse-workspace2\eclipse-workspacehibernate\StudentApp1\pom.xml.
2023-10-25 17:24:20,312 [Worker-32: Updating Maven Project] INFO  o.e.m.j.i.AbstractJavaProjectConfigurator - Adding source folder /StudentApp1/src/main/java
2023-10-25 17:24:20,312 [Worker-32: Updating Maven Project] INFO  o.e.m.j.i.AbstractJavaProjectConfigurator - Adding resource folder /StudentApp1/src/main/resources
2023-10-25 17:24:20,313 [Worker-32: Updating Maven Project] INFO  o.e.m.j.i.AbstractJavaProjectConfigurator - Adding source folder /StudentApp1/src/test/java
2023-10-25 17:24:20,314 [Worker-32: Updating Maven Project] INFO  o.e.m.j.i.AbstractJavaProjectConfigurator - Adding resource folder /StudentApp1/src/test/resources
2023-10-25 17:24:20,516 [Worker-35: Download sources and javadoc] INFO  o.e.m.c.i.e.AbstractTransferListenerAdapter - Downloading https://repo.maven.apache.org/maven2/mysql/mysql-connector-java/8.0.29/mysql-connector-java-8.0.29-sources.jar
2023-10-25 17:24:20,523 [Worker-32: Updating Maven Project] INFO  o.a.m.s.f.DefaultMavenResourcesFiltering - skip non existing resourceDirectory C:\Users\Neral\eclipse-workspace2\eclipse-workspacehibernate\StudentApp1\src\main\resources
2023-10-25 17:24:20,527 [Worker-32: Updating Maven Project] INFO  o.a.m.s.f.DefaultMavenResourcesFiltering - skip non existing resourceDirectory C:\Users\Neral\eclipse-workspace2\eclipse-workspacehibernate\StudentApp1\src\test\resources
2023-10-25 17:24:20,599 [Worker-35: Download sources and javadoc] INFO  o.e.m.c.i.e.AbstractTransferListenerAdapter - Downloaded https://repo.maven.apache.org/maven2/mysql/mysql-connector-java/8.0.29/mysql-connector-java-8.0.29-sources.jar
2023-10-25 17:24:20,605 [Worker-35: Download sources and javadoc] INFO  o.e.m.j.internal.DownloadSourcesJob - Downloaded sources for mysql:mysql-connector-java:8.0.29
2023-10-25 17:24:20,639 [Worker-35: Download sources and javadoc] INFO  o.e.m.c.i.e.AbstractTransferListenerAdapter - Downloading https://repo.maven.apache.org/maven2/com/google/protobuf/protobuf-java/3.19.4/protobuf-java-3.19.4-sources.jar
2023-10-25 17:24:20,690 [Worker-35: Download sources and javadoc] INFO  o.e.m.c.i.e.AbstractTransferListenerAdapter - Downloaded https://repo.maven.apache.org/maven2/com/google/protobuf/protobuf-java/3.19.4/protobuf-java-3.19.4-sources.jar
2023-10-25 17:24:20,695 [Worker-35: Download sources and javadoc] INFO  o.e.m.j.internal.DownloadSourcesJob - Downloaded sources for com.google.protobuf:protobuf-java:3.19.4
2023-10-25 17:24:21,008 [Worker-32: Updating Maven Project] INFO  o.e.m.c.i.p.ProjectConfigurationManager - Update completed for 1 poms: local refresh takes 0.00 sec, refresh facades takes 0.00 sec, update config takes 0.00 sec 
2023-10-25 17:24:21,253 [Worker-32: Building] INFO  o.a.m.s.f.DefaultMavenResourcesFiltering - skip non existing resourceDirectory C:\Users\Neral\eclipse-workspace2\eclipse-workspacehibernate\StudentApp1\src\main\resources
2023-10-25 17:24:21,256 [Worker-32: Building] INFO  o.a.m.s.f.DefaultMavenResourcesFiltering - skip non existing resourceDirectory C:\Users\Neral\eclipse-workspace2\eclipse-workspacehibernate\StudentApp1\src\test\resources
2023-10-25 17:28:39,693 [Worker-38: Building] INFO  o.a.m.s.f.DefaultMavenResourcesFiltering - skip non existing resourceDirectory C:\Users\Neral\eclipse-workspace2\eclipse-workspacehibernate\StudentApp1\src\main\resources
2023-10-25 17:28:39,697 [Worker-38: Building] INFO  o.a.m.s.f.DefaultMavenResourcesFiltering - skip non existing resourceDirectory C:\Users\Neral\eclipse-workspace2\eclipse-workspacehibernate\StudentApp1\src\test\resources
2023-10-25 17:30:49,099 [Worker-40: Building] INFO  o.a.m.s.f.DefaultMavenResourcesFiltering - skip non existing resourceDirectory C:\Users\Neral\eclipse-workspace2\eclipse-workspacehibernate\StudentApp1\src\main\resources
2023-10-25 17:30:49,102 [Worker-40: Building] INFO  o.a.m.s.f.DefaultMavenResourcesFiltering - skip non existing resourceDirectory C:\Users\Neral\eclipse-workspace2\eclipse-workspacehibernate\StudentApp1\src\test\resources
2023-10-25 17:31:42,848 [Worker-41: Building] INFO  o.a.m.s.f.DefaultMavenResourcesFiltering - skip non existing resourceDirectory C:\Users\Neral\eclipse-workspace2\eclipse-workspacehibernate\StudentApp1\src\main\resources
2023-10-25 17:31:42,849 [Worker-41: Building] INFO  o.a.m.s.f.DefaultMavenResourcesFiltering - skip non existing resourceDirectory C:\Users\Neral\eclipse-workspace2\eclipse-workspacehibernate\StudentApp1\src\test\resources
2023-10-25 17:32:03,573 [Worker-44: Building] INFO  o.a.m.s.f.DefaultMavenResourcesFiltering - skip non existing resourceDirectory C:\Users\Neral\eclipse-workspace2\eclipse-workspacehibernate\StudentApp1\src\main\resources
2023-10-25 17:32:03,575 [Worker-44: Building] INFO  o.a.m.s.f.DefaultMavenResourcesFiltering - skip non existing resourceDirectory C:\Users\Neral\eclipse-workspace2\eclipse-workspacehibernate\StudentApp1\src\test\resources
2023-10-25 17:32:53,759 [Worker-44: Building] INFO  o.a.m.s.f.DefaultMavenResourcesFiltering - skip non existing resourceDirectory C:\Users\Neral\eclipse-workspace2\eclipse-workspacehibernate\StudentApp1\src\main\resources
2023-10-25 17:32:53,765 [Worker-44: Building] INFO  o.a.m.s.f.DefaultMavenResourcesFiltering - skip non existing resourceDirectory C:\Users\Neral\eclipse-workspace2\eclipse-workspacehibernate\StudentApp1\src\test\resources
2023-10-25 17:36:15,398 [Worker-41: Building] INFO  o.e.m.c.i.l.LifecycleMappingFactory - Using org.eclipse.m2e.jdt.JarLifecycleMapping lifecycle mapping for MavenProject: com.suchiit:StudentApp1:0.0.1-SNAPSHOT @ C:\Users\Neral\eclipse-workspace2\eclipse-workspacehibernate\StudentApp1\pom.xml.
2023-10-25 17:36:15,442 [Worker-41: Building] INFO  o.e.m.c.i.e.AbstractTransferListenerAdapter - Downloading https://repo.maven.apache.org/maven2/org/hibernate/hibernate-core/6.2.12.Final/hibernate-core-6.2.12.Final.pom
2023-10-25 17:36:15,468 [Worker-41: Building] INFO  o.e.m.c.i.e.AbstractTransferListenerAdapter - Downloaded https://repo.maven.apache.org/maven2/org/hibernate/hibernate-core/6.2.12.Final/hibernate-core-6.2.12.Final.pom
2023-10-25 17:36:15,484 [Worker-41: Building] INFO  o.e.m.c.i.e.AbstractTransferListenerAdapter - Downloading https://repo.maven.apache.org/maven2/org/hibernate/orm/hibernate-core/6.2.12.Final/hibernate-core-6.2.12.Final.pom
2023-10-25 17:36:15,494 [Worker-41: Building] INFO  o.e.m.c.i.e.AbstractTransferListenerAdapter - Downloaded https://repo.maven.apache.org/maven2/org/hibernate/orm/hibernate-core/6.2.12.Final/hibernate-core-6.2.12.Final.pom
2023-10-25 17:36:15,563 [Worker-41: Building] INFO  o.e.m.c.i.e.AbstractTransferListenerAdapter - Downloading https://repo.maven.apache.org/maven2/net/bytebuddy/byte-buddy/1.14.7/byte-buddy-1.14.7.pom
2023-10-25 17:36:15,589 [Worker-41: Building] INFO  o.e.m.c.i.e.AbstractTransferListenerAdapter - Downloaded https://repo.maven.apache.org/maven2/net/bytebuddy/byte-buddy/1.14.7/byte-buddy-1.14.7.pom
2023-10-25 17:36:15,617 [Worker-41: Building] INFO  o.e.m.c.i.e.AbstractTransferListenerAdapter - Downloading https://repo.maven.apache.org/maven2/net/bytebuddy/byte-buddy-parent/1.14.7/byte-buddy-parent-1.14.7.pom
2023-10-25 17:36:15,666 [Worker-41: Building] INFO  o.e.m.c.i.e.AbstractTransferListenerAdapter - Downloaded https://repo.maven.apache.org/maven2/net/bytebuddy/byte-buddy-parent/1.14.7/byte-buddy-parent-1.14.7.pom
2023-10-25 17:36:15,716 [Worker-41: Building] INFO  o.e.m.c.i.e.AbstractTransferListenerAdapter - Downloading https://repo.maven.apache.org/maven2/jakarta/activation/jakarta.activation-api/2.1.0/jakarta.activation-api-2.1.0.pom
2023-10-25 17:36:15,743 [Worker-41: Building] INFO  o.e.m.c.i.e.AbstractTransferListenerAdapter - Downloaded https://repo.maven.apache.org/maven2/jakarta/activation/jakarta.activation-api/2.1.0/jakarta.activation-api-2.1.0.pom
2023-10-25 17:36:15,864 [Worker-41: Building] WARN  o.e.m.c.i.embedder.EclipseLogger - The artifact org.hibernate:hibernate-core:pom:6.2.12.Final has been relocated to org.hibernate.orm:hibernate-core:pom:6.2.12.Final
2023-10-25 17:36:15,991 [AetherRepositoryConnector-repo.maven.apache.org-1-1] INFO  o.e.m.c.i.e.AbstractTransferListenerAdapter - Downloading https://repo.maven.apache.org/maven2/jakarta/activation/jakarta.activation-api/2.1.0/jakarta.activation-api-2.1.0.jar
2023-10-25 17:36:16,014 [AetherRepositoryConnector-repo.maven.apache.org-1-0] INFO  o.e.m.c.i.e.AbstractTransferListenerAdapter - Downloading https://repo.maven.apache.org/maven2/net/bytebuddy/byte-buddy/1.14.7/byte-buddy-1.14.7.jar
2023-10-25 17:36:16,066 [AetherRepositoryConnector-repo.maven.apache.org-1-1] INFO  o.e.m.c.i.e.AbstractTransferListenerAdapter - Downloaded https://repo.maven.apache.org/maven2/jakarta/activation/jakarta.activation-api/2.1.0/jakarta.activation-api-2.1.0.jar
2023-10-25 17:36:16,362 [AetherRepositoryConnector-repo.maven.apache.org-1-0] INFO  o.e.m.c.i.e.AbstractTransferListenerAdapter - Downloaded https://repo.maven.apache.org/maven2/net/bytebuddy/byte-buddy/1.14.7/byte-buddy-1.14.7.jar
2023-10-25 17:36:16,498 [Worker-41: Building] INFO  o.a.m.s.f.DefaultMavenResourcesFiltering - skip non existing resourceDirectory C:\Users\Neral\eclipse-workspace2\eclipse-workspacehibernate\StudentApp1\src\main\resources
2023-10-25 17:36:16,500 [Worker-41: Building] INFO  o.a.m.s.f.DefaultMavenResourcesFiltering - skip non existing resourceDirectory C:\Users\Neral\eclipse-workspace2\eclipse-workspacehibernate\StudentApp1\src\test\resources
2023-10-25 17:36:17,931 [Worker-51: Download sources and javadoc] INFO  o.e.m.c.i.e.AbstractTransferListenerAdapter - Downloading https://repo.maven.apache.org/maven2/net/bytebuddy/byte-buddy/1.14.7/byte-buddy-1.14.7-sources.jar
2023-10-25 17:36:18,020 [Worker-51: Download sources and javadoc] INFO  o.e.m.c.i.e.AbstractTransferListenerAdapter - Downloaded https://repo.maven.apache.org/maven2/net/bytebuddy/byte-buddy/1.14.7/byte-buddy-1.14.7-sources.jar
2023-10-25 17:36:18,027 [Worker-51: Download sources and javadoc] INFO  o.e.m.j.internal.DownloadSourcesJob - Downloaded sources for net.bytebuddy:byte-buddy:1.14.7
2023-10-25 17:36:18,057 [Worker-51: Download sources and javadoc] INFO  o.e.m.c.i.e.AbstractTransferListenerAdapter - Downloading https://repo.maven.apache.org/maven2/jakarta/activation/jakarta.activation-api/2.1.0/jakarta.activation-api-2.1.0-sources.jar
2023-10-25 17:36:18,153 [Worker-51: Download sources and javadoc] INFO  o.e.m.c.i.e.AbstractTransferListenerAdapter - Downloaded https://repo.maven.apache.org/maven2/jakarta/activation/jakarta.activation-api/2.1.0/jakarta.activation-api-2.1.0-sources.jar
2023-10-25 17:36:18,156 [Worker-51: Download sources and javadoc] INFO  o.e.m.j.internal.DownloadSourcesJob - Downloaded sources for jakarta.activation:jakarta.activation-api:2.1.0
2023-10-25 17:36:30,037 [Worker-46: Building] INFO  o.e.m.c.i.l.LifecycleMappingFactory - Using org.eclipse.m2e.jdt.JarLifecycleMapping lifecycle mapping for MavenProject: com.suchiit:StudentApp1:0.0.1-SNAPSHOT @ C:\Users\Neral\eclipse-workspace2\eclipse-workspacehibernate\StudentApp1\pom.xml.
2023-10-25 17:36:30,146 [Worker-46: Building] WARN  o.e.m.c.i.embedder.EclipseLogger - The artifact org.hibernate:hibernate-core:pom:6.2.12.Final has been relocated to org.hibernate.orm:hibernate-core:pom:6.2.12.Final
2023-10-25 17:36:30,501 [Worker-46: Building] INFO  o.a.m.s.f.DefaultMavenResourcesFiltering - skip non existing resourceDirectory C:\Users\Neral\eclipse-workspace2\eclipse-workspacehibernate\StudentApp1\src\main\resources
2023-10-25 17:36:30,505 [Worker-46: Building] INFO  o.a.m.s.f.DefaultMavenResourcesFiltering - skip non existing resourceDirectory C:\Users\Neral\eclipse-workspace2\eclipse-workspacehibernate\StudentApp1\src\test\resources
2023-10-25 17:50:25,510 [Worker-55: Building] INFO  o.a.m.s.f.DefaultMavenResourcesFiltering - skip non existing resourceDirectory C:\Users\Neral\eclipse-workspace2\eclipse-workspacehibernate\StudentApp1\src\main\resources
2023-10-25 17:50:25,515 [Worker-55: Building] INFO  o.a.m.s.f.DefaultMavenResourcesFiltering - skip non existing resourceDirectory C:\Users\Neral\eclipse-workspace2\eclipse-workspacehibernate\StudentApp1\src\test\resources
2023-10-25 17:50:55,142 [Worker-51: Building] INFO  o.a.m.s.f.DefaultMavenResourcesFiltering - skip non existing resourceDirectory C:\Users\Neral\eclipse-workspace2\eclipse-workspacehibernate\StudentApp1\src\main\resources
2023-10-25 17:50:55,147 [Worker-51: Building] INFO  o.a.m.s.f.DefaultMavenResourcesFiltering - skip non existing resourceDirectory C:\Users\Neral\eclipse-workspace2\eclipse-workspacehibernate\StudentApp1\src\test\resources
2023-10-25 18:01:49,375 [Worker-61: Building] INFO  o.a.m.s.f.DefaultMavenResourcesFiltering - skip non existing resourceDirectory C:\Users\Neral\eclipse-workspace2\eclipse-workspacehibernate\StudentApp1\src\main\resources
2023-10-25 18:01:49,379 [Worker-61: Building] INFO  o.a.m.s.f.DefaultMavenResourcesFiltering - skip non existing resourceDirectory C:\Users\Neral\eclipse-workspace2\eclipse-workspacehibernate\StudentApp1\src\test\resources
2023-10-25 18:40:35,421 [Worker-66: Building] INFO  o.a.m.s.f.DefaultMavenResourcesFiltering - skip non existing resourceDirectory C:\Users\Neral\eclipse-workspace2\eclipse-workspacehibernate\StudentApp1\src\main\resources
2023-10-25 18:40:35,424 [Worker-66: Building] INFO  o.a.m.s.f.DefaultMavenResourcesFiltering - skip non existing resourceDirectory C:\Users\Neral\eclipse-workspace2\eclipse-workspacehibernate\StudentApp1\src\test\resources
2023-10-25 19:20:29,197 [Worker-72: Building] INFO  o.e.m.c.i.l.LifecycleMappingFactory - Using org.eclipse.m2e.jdt.JarLifecycleMapping lifecycle mapping for MavenProject: com.suchiit:StudentApp1:0.0.1-SNAPSHOT @ C:\Users\Neral\eclipse-workspace2\eclipse-workspacehibernate\StudentApp1\pom.xml.
2023-10-25 19:20:29,466 [Worker-72: Building] INFO  o.a.m.s.f.DefaultMavenResourcesFiltering - skip non existing resourceDirectory C:\Users\Neral\eclipse-workspace2\eclipse-workspacehibernate\StudentApp1\src\main\resources
2023-10-25 19:20:29,469 [Worker-72: Building] INFO  o.a.m.s.f.DefaultMavenResourcesFiltering - skip non existing resourceDirectory C:\Users\Neral\eclipse-workspace2\eclipse-workspacehibernate\StudentApp1\src\test\resources
2023-10-25 19:24:27,786 [Worker-77: Building] INFO  o.a.m.s.f.DefaultMavenResourcesFiltering - skip non existing resourceDirectory C:\Users\Neral\eclipse-workspace2\eclipse-workspacehibernate\StudentApp1\src\main\resources
2023-10-25 19:24:27,789 [Worker-77: Building] INFO  o.a.m.s.f.DefaultMavenResourcesFiltering - skip non existing resourceDirectory C:\Users\Neral\eclipse-workspace2\eclipse-workspacehibernate\StudentApp1\src\test\resources
2023-10-25 19:25:37,613 [Worker-75: Building] INFO  o.e.m.c.i.l.LifecycleMappingFactory - Using org.eclipse.m2e.jdt.JarLifecycleMapping lifecycle mapping for MavenProject: com.suchiit:StudentApp1:0.0.1-SNAPSHOT @ C:\Users\Neral\eclipse-workspace2\eclipse-workspacehibernate\StudentApp1\pom.xml.
2023-10-25 19:25:37,859 [Worker-75: Building] INFO  o.a.m.s.f.DefaultMavenResourcesFiltering - skip non existing resourceDirectory C:\Users\Neral\eclipse-workspace2\eclipse-workspacehibernate\StudentApp1\src\main\resources
2023-10-25 19:25:37,861 [Worker-75: Building] INFO  o.a.m.s.f.DefaultMavenResourcesFiltering - skip non existing resourceDirectory C:\Users\Neral\eclipse-workspace2\eclipse-workspacehibernate\StudentApp1\src\test\resources
2023-10-25 19:25:57,831 [Worker-72: Building] INFO  o.e.m.c.i.l.LifecycleMappingFactory - Using org.eclipse.m2e.jdt.JarLifecycleMapping lifecycle mapping for MavenProject: com.suchiit:StudentApp1:0.0.1-SNAPSHOT @ C:\Users\Neral\eclipse-workspace2\eclipse-workspacehibernate\StudentApp1\pom.xml.
2023-10-25 19:25:58,391 [Worker-72: Building] INFO  o.a.m.s.f.DefaultMavenResourcesFiltering - skip non existing resourceDirectory C:\Users\Neral\eclipse-workspace2\eclipse-workspacehibernate\StudentApp1\src\main\resources
2023-10-25 19:25:58,393 [Worker-72: Building] INFO  o.a.m.s.f.DefaultMavenResourcesFiltering - skip non existing resourceDirectory C:\Users\Neral\eclipse-workspace2\eclipse-workspacehibernate\StudentApp1\src\test\resources
2023-10-25 19:26:14,779 [Worker-77: Building] INFO  o.e.m.c.i.l.LifecycleMappingFactory - Using org.eclipse.m2e.jdt.JarLifecycleMapping lifecycle mapping for MavenProject: com.suchiit:StudentApp1:0.0.1-SNAPSHOT @ C:\Users\Neral\eclipse-workspace2\eclipse-workspacehibernate\StudentApp1\pom.xml.
2023-10-25 19:26:14,895 [Worker-77: Building] WARN  o.e.m.c.i.embedder.EclipseLogger - The artifact org.hibernate:hibernate-core:jar:6.2.12.Final has been relocated to org.hibernate.orm:hibernate-core:jar:6.2.12.Final
2023-10-25 19:26:15,032 [Worker-77: Building] INFO  o.e.m.c.i.e.AbstractTransferListenerAdapter - Downloading https://repo.maven.apache.org/maven2/org/hibernate/orm/hibernate-core/6.2.12.Final/hibernate-core-6.2.12.Final.jar
2023-10-25 19:26:15,697 [Worker-77: Building] INFO  o.e.m.c.i.e.AbstractTransferListenerAdapter - Downloaded https://repo.maven.apache.org/maven2/org/hibernate/orm/hibernate-core/6.2.12.Final/hibernate-core-6.2.12.Final.jar
2023-10-25 19:26:15,806 [Worker-77: Building] INFO  o.a.m.s.f.DefaultMavenResourcesFiltering - skip non existing resourceDirectory C:\Users\Neral\eclipse-workspace2\eclipse-workspacehibernate\StudentApp1\src\main\resources
2023-10-25 19:26:15,808 [Worker-77: Building] INFO  o.a.m.s.f.DefaultMavenResourcesFiltering - skip non existing resourceDirectory C:\Users\Neral\eclipse-workspace2\eclipse-workspacehibernate\StudentApp1\src\test\resources
2023-10-25 19:26:19,179 [Worker-78: Download sources and javadoc] INFO  o.e.m.c.i.e.AbstractTransferListenerAdapter - Downloading https://repo.maven.apache.org/maven2/org/hibernate/orm/hibernate-core/6.2.12.Final/hibernate-core-6.2.12.Final-sources.jar
2023-10-25 19:26:19,537 [Worker-78: Download sources and javadoc] INFO  o.e.m.c.i.e.AbstractTransferListenerAdapter - Downloaded https://repo.maven.apache.org/maven2/org/hibernate/orm/hibernate-core/6.2.12.Final/hibernate-core-6.2.12.Final-sources.jar
2023-10-25 19:26:19,541 [Worker-78: Download sources and javadoc] INFO  o.e.m.j.internal.DownloadSourcesJob - Downloaded sources for org.hibernate.orm:hibernate-core:6.2.12.Final
2023-10-25 19:28:34,253 [Worker-79: Building] INFO  o.a.m.s.f.DefaultMavenResourcesFiltering - skip non existing resourceDirectory C:\Users\Neral\eclipse-workspace2\eclipse-workspacehibernate\StudentApp1\src\main\resources
2023-10-25 19:28:34,255 [Worker-79: Building] INFO  o.a.m.s.f.DefaultMavenResourcesFiltering - skip non existing resourceDirectory C:\Users\Neral\eclipse-workspace2\eclipse-workspacehibernate\StudentApp1\src\test\resources
2023-10-25 19:28:51,819 [Worker-80: Building] INFO  o.a.m.s.f.DefaultMavenResourcesFiltering - skip non existing resourceDirectory C:\Users\Neral\eclipse-workspace2\eclipse-workspacehibernate\StudentApp1\src\main\resources
2023-10-25 19:28:51,824 [Worker-80: Building] INFO  o.a.m.s.f.DefaultMavenResourcesFiltering - skip non existing resourceDirectory C:\Users\Neral\eclipse-workspace2\eclipse-workspacehibernate\StudentApp1\src\test\resources
2023-10-25 19:34:15,259 [Worker-82: Building] INFO  o.a.m.s.f.DefaultMavenResourcesFiltering - skip non existing resourceDirectory C:\Users\Neral\eclipse-workspace2\eclipse-workspacehibernate\StudentApp1\src\main\resources
2023-10-25 19:34:15,261 [Worker-82: Building] INFO  o.a.m.s.f.DefaultMavenResourcesFiltering - skip non existing resourceDirectory C:\Users\Neral\eclipse-workspace2\eclipse-workspacehibernate\StudentApp1\src\test\resources
2023-10-25 19:39:57,001 [Worker-90: Building] INFO  o.a.m.s.f.DefaultMavenResourcesFiltering - skip non existing resourceDirectory C:\Users\Neral\eclipse-workspace2\eclipse-workspacehibernate\StudentApp1\src\main\resources
2023-10-25 19:39:57,004 [Worker-90: Building] INFO  o.a.m.s.f.DefaultMavenResourcesFiltering - skip non existing resourceDirectory C:\Users\Neral\eclipse-workspace2\eclipse-workspacehibernate\StudentApp1\src\test\resources
2023-10-25 20:07:50,516 [Worker-93: Building] INFO  o.a.m.s.f.DefaultMavenResourcesFiltering - skip non existing resourceDirectory C:\Users\Neral\eclipse-workspace2\eclipse-workspacehibernate\StudentApp1\src\main\resources
2023-10-25 20:07:50,519 [Worker-93: Building] INFO  o.a.m.s.f.DefaultMavenResourcesFiltering - skip non existing resourceDirectory C:\Users\Neral\eclipse-workspace2\eclipse-workspacehibernate\StudentApp1\src\test\resources
2023-10-25 20:52:18,922 [Worker-105: Building] INFO  o.a.m.s.f.DefaultMavenResourcesFiltering - skip non existing resourceDirectory C:\Users\Neral\eclipse-workspace2\eclipse-workspacehibernate\StudentApp1\src\main\resources
2023-10-25 20:52:18,924 [Worker-105: Building] INFO  o.a.m.s.f.DefaultMavenResourcesFiltering - skip non existing resourceDirectory C:\Users\Neral\eclipse-workspace2\eclipse-workspacehibernate\StudentApp1\src\test\resources
2023-10-25 21:29:50,077 [Worker-115: Building] INFO  o.a.m.s.f.DefaultMavenResourcesFiltering - skip non existing resourceDirectory C:\Users\Neral\eclipse-workspace2\eclipse-workspacehibernate\StudentApp1\src\main\resources
2023-10-25 21:29:50,080 [Worker-115: Building] INFO  o.a.m.s.f.DefaultMavenResourcesFiltering - skip non existing resourceDirectory C:\Users\Neral\eclipse-workspace2\eclipse-workspacehibernate\StudentApp1\src\test\resources
2023-10-25 21:44:38,463 [Worker-119: Launching App (7)] INFO  o.a.m.s.f.DefaultMavenResourcesFiltering - skip non existing resourceDirectory C:\Users\Neral\eclipse-workspace2\eclipse-workspacehibernate\StudentApp1\src\main\resources
2023-10-25 21:44:38,466 [Worker-119: Launching App (7)] INFO  o.a.m.s.f.DefaultMavenResourcesFiltering - skip non existing resourceDirectory C:\Users\Neral\eclipse-workspace2\eclipse-workspacehibernate\StudentApp1\src\test\resources
2023-10-25 21:46:10,295 [Worker-122: Building] INFO  o.a.m.s.f.DefaultMavenResourcesFiltering - skip non existing resourceDirectory C:\Users\Neral\eclipse-workspace2\eclipse-workspacehibernate\StudentApp1\src\main\resources
2023-10-25 21:46:10,297 [Worker-122: Building] INFO  o.a.m.s.f.DefaultMavenResourcesFiltering - skip non existing resourceDirectory C:\Users\Neral\eclipse-workspace2\eclipse-workspacehibernate\StudentApp1\src\test\resources
2023-10-25 23:24:04,022 [Worker-139: Building] INFO  o.a.m.s.f.DefaultMavenResourcesFiltering - skip non existing resourceDirectory C:\Users\Neral\eclipse-workspace2\eclipse-workspacehibernate\StudentApp1\src\main\resources
2023-10-25 23:24:04,024 [Worker-139: Building] INFO  o.a.m.s.f.DefaultMavenResourcesFiltering - skip non existing resourceDirectory C:\Users\Neral\eclipse-workspace2\eclipse-workspacehibernate\StudentApp1\src\test\resources
2023-10-25 23:31:05,758 [Worker-144: Building] INFO  o.a.m.s.f.DefaultMavenResourcesFiltering - skip non existing resourceDirectory C:\Users\Neral\eclipse-workspace2\eclipse-workspacehibernate\StudentApp1\src\main\resources
2023-10-25 23:31:05,760 [Worker-144: Building] INFO  o.a.m.s.f.DefaultMavenResourcesFiltering - skip non existing resourceDirectory C:\Users\Neral\eclipse-workspace2\eclipse-workspacehibernate\StudentApp1\src\test\resources
2023-10-25 23:31:53,718 [Worker-135: Building] INFO  o.a.m.s.f.DefaultMavenResourcesFiltering - skip non existing resourceDirectory C:\Users\Neral\eclipse-workspace2\eclipse-workspacehibernate\StudentApp1\src\main\resources
2023-10-25 23:31:53,720 [Worker-135: Building] INFO  o.a.m.s.f.DefaultMavenResourcesFiltering - skip non existing resourceDirectory C:\Users\Neral\eclipse-workspace2\eclipse-workspacehibernate\StudentApp1\src\test\resources
2023-10-25 23:32:47,624 [Worker-142: Building] INFO  o.a.m.s.f.DefaultMavenResourcesFiltering - skip non existing resourceDirectory C:\Users\Neral\eclipse-workspace2\eclipse-workspacehibernate\StudentApp1\src\main\resources
2023-10-25 23:32:47,627 [Worker-142: Building] INFO  o.a.m.s.f.DefaultMavenResourcesFiltering - skip non existing resourceDirectory C:\Users\Neral\eclipse-workspace2\eclipse-workspacehibernate\StudentApp1\src\test\resources
2023-10-26 05:58:48,685 [Worker-24: Loading available Gradle versions] INFO  o.e.b.c.i.u.g.PublishedGradleVersions - Gradle version information cache is out-of-date. Trying to update.
2023-10-26 06:25:10,893 [Worker-0: Loading available Gradle versions] INFO  o.e.b.c.i.u.g.PublishedGradleVersions - Gradle version information cache is up-to-date. Trying to read.
2023-10-26 06:25:40,689 [Worker-26: Build] WARN  o.a.m.s.f.DefaultMavenResourcesFiltering - Using platform encoding (UTF-8 actually) to copy filtered resources, i.e. build is platform dependent!
2023-10-26 06:25:40,697 [Worker-26: Build] INFO  o.a.m.s.f.DefaultMavenResourcesFiltering - Copying 0 resource from src\main\resources to target\classes
2023-10-26 06:25:40,702 [Worker-26: Build] WARN  o.a.m.s.f.DefaultMavenResourcesFiltering - Using platform encoding (UTF-8 actually) to copy filtered resources, i.e. build is platform dependent!
2023-10-26 06:25:40,703 [Worker-26: Build] INFO  o.a.m.s.f.DefaultMavenResourcesFiltering - skip non existing resourceDirectory C:\Users\Neral\eclipse-workspace2\eclipse-workspacehibernate\OnlineQuiz\src\test\resources
2023-10-26 06:25:41,812 [Worker-26: Build] WARN  o.e.m.c.i.embedder.EclipseLogger - The artifact org.hibernate:hibernate-core:jar:6.2.12.Final has been relocated to org.hibernate.orm:hibernate-core:jar:6.2.12.Final
2023-10-26 06:25:41,861 [Worker-26: Build] INFO  o.a.m.s.f.DefaultMavenResourcesFiltering - skip non existing resourceDirectory C:\Users\Neral\eclipse-workspace2\eclipse-workspacehibernate\StudentApp1\src\main\resources
2023-10-26 06:25:41,864 [Worker-26: Build] INFO  o.a.m.s.f.DefaultMavenResourcesFiltering - skip non existing resourceDirectory C:\Users\Neral\eclipse-workspace2\eclipse-workspacehibernate\StudentApp1\src\test\resources
2023-10-26 18:11:05,246 [Worker-1: Loading available Gradle versions] INFO  o.e.b.c.i.u.g.PublishedGradleVersions - Gradle version information cache is up-to-date. Trying to read.
2023-10-27 06:22:26,551 [Worker-5: Loading available Gradle versions] INFO  o.e.b.c.i.u.g.PublishedGradleVersions - Gradle version information cache is out-of-date. Trying to update.
2023-10-27 16:14:37,200 [Worker-6: Loading available Gradle versions] INFO  o.e.b.c.i.u.g.PublishedGradleVersions - Gradle version information cache is up-to-date. Trying to read.
2023-10-27 21:09:46,444 [Worker-7: Loading available Gradle versions] INFO  o.e.b.c.i.u.g.PublishedGradleVersions - Gradle version information cache is up-to-date. Trying to read.
2023-10-27 21:14:49,455 [Worker-8: Building] WARN  o.a.m.s.f.DefaultMavenResourcesFiltering - Using platform encoding (UTF-8 actually) to copy filtered resources, i.e. build is platform dependent!
2023-10-27 21:14:49,466 [Worker-8: Building] INFO  o.a.m.s.f.DefaultMavenResourcesFiltering - Copying 0 resource from src\main\resources to target\classes
2023-10-27 21:14:49,472 [Worker-8: Building] WARN  o.a.m.s.f.DefaultMavenResourcesFiltering - Using platform encoding (UTF-8 actually) to copy filtered resources, i.e. build is platform dependent!
2023-10-27 21:14:49,474 [Worker-8: Building] INFO  o.a.m.s.f.DefaultMavenResourcesFiltering - skip non existing resourceDirectory C:\Users\Neral\eclipse-workspace2\eclipse-workspacehibernate\OnlineQuiz\src\test\resources
2023-10-27 21:14:50,708 [Worker-8: Building] WARN  o.e.m.c.i.embedder.EclipseLogger - The artifact org.hibernate:hibernate-core:jar:6.2.12.Final has been relocated to org.hibernate.orm:hibernate-core:jar:6.2.12.Final
2023-10-27 21:14:50,781 [Worker-8: Building] INFO  o.a.m.s.f.DefaultMavenResourcesFiltering - skip non existing resourceDirectory C:\Users\Neral\eclipse-workspace2\eclipse-workspacehibernate\StudentApp1\src\main\resources
2023-10-27 21:14:50,783 [Worker-8: Building] INFO  o.a.m.s.f.DefaultMavenResourcesFiltering - skip non existing resourceDirectory C:\Users\Neral\eclipse-workspace2\eclipse-workspacehibernate\StudentApp1\src\test\resources
2023-10-28 09:10:31,117 [Worker-2: Loading available Gradle versions] INFO  o.e.b.c.i.u.g.PublishedGradleVersions - Gradle version information cache is out-of-date. Trying to update.
